<?xml version="1.0" encoding="UTF-8"?>
<testng-results ignored="0" total="2" passed="2" failed="0" skipped="0">
  <reporter-output>
  </reporter-output>
  <suite started-at="2025-09-14T00:21:31 EET" name="Default suite" finished-at="2025-09-14T00:21:33 EET" duration-ms="1935">
    <groups>
    </groups>
    <test started-at="2025-09-14T00:21:31 EET" name="Default test" finished-at="2025-09-14T00:21:33 EET" duration-ms="1935">
      <class name="swaglab.MyTestCases">
        <test-method is-config="true" signature="mySetup()[pri:0, instance:swaglab.MyTestCases@70ab2d48]" started-at="2025-09-14T00:21:31 EET" name="mySetup" finished-at="2025-09-14T00:21:32 EET" duration-ms="1082" status="PASS">
          <reporter-output>
          </reporter-output>
        </test-method> <!-- mySetup -->
        <test-method signature="LoginWithNormalUser()[pri:1, instance:swaglab.MyTestCases@70ab2d48]" started-at="2025-09-14T00:21:32 EET" name="LoginWithNormalUser" finished-at="2025-09-14T00:21:33 EET" duration-ms="374" status="PASS">
          <reporter-output>
          </reporter-output>
        </test-method> <!-- LoginWithNormalUser -->
        <test-method signature="checkoutprocess()[pri:2, instance:swaglab.MyTestCases@70ab2d48]" started-at="2025-09-14T00:21:33 EET" name="checkoutprocess" finished-at="2025-09-14T00:21:33 EET" duration-ms="429" status="PASS">
          <reporter-output>
          </reporter-output>
        </test-method> <!-- checkoutprocess -->
      </class> <!-- swaglab.MyTestCases -->
    </test> <!-- Default test -->
  </suite> <!-- Default suite -->
</testng-results>
